<?xml version="1.0" encoding="UTF-8"?>
<!-- Generated by org.testng.reporters.JUnitReportReporter -->
<testsuite hostname="vadlapudis-MacBook-Air.local" failures="0" tests="3" name="com.qa.opencart.testcases.loginTestcase" time="3.111" errors="0" timestamp="01 Feb 2024 11:57:02 GMT" skipped="0">
  <testcase classname="com.qa.opencart.testcases.loginTestcase" name="loginPageUrlTest" time="0.020"/>
  <testcase classname="com.qa.opencart.testcases.loginTestcase" name="doLoginTest" time="3.070"/>
  <testcase classname="com.qa.opencart.testcases.loginTestcase" name="loginPageTitleTest" time="0.021"/>
</testsuite> <!-- com.qa.opencart.testcases.loginTestcase -->
