<?xml version="1.0" encoding="UTF-8"?>
<!-- Generated by org.testng.reporters.JUnitReportReporter -->
<testsuite hostname="vadlapudis-MacBook-Air.local" failures="0" tests="3" name="com.qa.opencart.testcases.loginTestcase" time="0.969" errors="0" timestamp="03 Feb 2024 04:51:33 GMT" skipped="0">
  <testcase classname="com.qa.opencart.testcases.loginTestcase" name="loginPageTitleTest" time="0.037"/>
  <testcase classname="com.qa.opencart.testcases.loginTestcase" name="loginPageUrlTest" time="0.022"/>
  <testcase classname="com.qa.opencart.testcases.loginTestcase" name="doLoginTest" time="0.910"/>
</testsuite> <!-- com.qa.opencart.testcases.loginTestcase -->
