<?xml version="1.0" encoding="UTF-8"?>
<!-- Generated by org.testng.reporters.JUnitReportReporter -->
<testsuite hostname="vadlapudis-MacBook-Air.local" failures="0" tests="2" name="com.qa.opencart.testcases.accountPageTest" time="0.204" errors="0" timestamp="02 Feb 2024 04:30:45 GMT" skipped="0">
  <testcase classname="com.qa.opencart.testcases.accountPageTest" name="getAccPageTitleTest" time="0.188"/>
  <testcase classname="com.qa.opencart.testcases.accountPageTest" name="getAccPageUrlTest" time="0.016"/>
</testsuite> <!-- com.qa.opencart.testcases.accountPageTest -->
