<?xml version="1.0" encoding="UTF-8"?>
<!-- Generated by org.testng.reporters.JUnitReportReporter -->
<testsuite hostname="vadlapudis-MacBook-Air.local" failures="0" tests="3" name="com.qa.opencart.testcases.loginTestcase" time="2.969" errors="0" timestamp="02 Feb 2024 07:12:52 GMT" skipped="0">
  <testcase classname="com.qa.opencart.testcases.loginTestcase" name="loginPageTitleTest" time="0.070"/>
  <testcase classname="com.qa.opencart.testcases.loginTestcase" name="doLoginTest" time="2.866"/>
  <testcase classname="com.qa.opencart.testcases.loginTestcase" name="loginPageUrlTest" time="0.033"/>
</testsuite> <!-- com.qa.opencart.testcases.loginTestcase -->
